<?xml version="1.0" encoding="UTF-8"?>
<!-- Generated by org.testng.reporters.JUnitReportReporter -->
<testsuite hostname="DESKTOP-LELPU88" failures="0" tests="4" name="com.crm.qa.testcases.LoginPageTest" time="63.405" errors="0" timestamp="2022-10-30T21:40:58 IST" skipped="0">
  <testcase classname="com.crm.qa.testcases.LoginPageTest" name="loginPageTitleTest" time="9.483"/>
  <system-out/>
  <testcase classname="com.crm.qa.testcases.LoginPageTest" name="loginTest" time="15.889"/>
  <system-out/>
  <testcase classname="com.crm.qa.testcases.LoginPageTest" name="ForgotPasswordLinkTest" time="20.329"/>
  <system-out/>
  <testcase classname="com.crm.qa.testcases.LoginPageTest" name="SignUpLinkTest" time="17.704"/>
  <system-out/>
</testsuite> <!-- com.crm.qa.testcases.LoginPageTest -->
