<?xml version="1.0" encoding="UTF-8"?>
<!-- Generated by org.testng.reporters.JUnitReportReporter -->
<testsuite hostname="DESKTOP-LELPU88" failures="0" tests="3" name="com.crm.qa.testcases.HomePageTest" time="40.209" errors="0" timestamp="2022-10-30T21:40:58 IST" skipped="0">
  <testcase classname="com.crm.qa.testcases.HomePageTest" name="homePageTitleTest" time="11.566"/>
  <system-out/>
  <testcase classname="com.crm.qa.testcases.HomePageTest" name="UsernameLabelTest" time="11.941"/>
  <system-out/>
  <testcase classname="com.crm.qa.testcases.HomePageTest" name="ContactsLinkTest" time="16.702"/>
  <system-out/>
</testsuite> <!-- com.crm.qa.testcases.HomePageTest -->
