<?xml version="1.0" encoding="UTF-8"?>
<!-- Generated by org.testng.reporters.JUnitReportReporter -->
<testsuite hostname="DESKTOP-LELPU88" failures="0" tests="1" name="com.crm.qa.testcases.ContactsPageTest" time="18.252" errors="0" timestamp="2022-11-04T20:28:24 IST" skipped="0">
  <testcase classname="com.crm.qa.testcases.ContactsPageTest" name="ContactsPageTitleTest" time="18.252"/>
  <system-out/>
</testsuite> <!-- com.crm.qa.testcases.ContactsPageTest -->
